[2018-06-18 09:32:02,578][WARNING]=>Not Found: /cyeap
[2018-06-18 09:32:02,578][WARNING]=>"GET /cyeap HTTP/1.1" 404 2285
[2018-06-18 09:32:02,715][WARNING]=>Not Found: /favicon.ico
[2018-06-18 09:32:02,716][WARNING]=>"GET /favicon.ico HTTP/1.1" 404 2303
[2018-06-18 09:32:19,834][ERROR]=>请求参数:{'tomcat_name': '', 'page_size': 5, 'webapp_name': '', 'page_num': 1, 'tomcat_alias': '', 'ip4_inner': ''}
[2018-06-18 09:33:31,753][ERROR]=>请求参数:{'tomcat_name': 'f', 'page_size': 5, 'webapp_name': '', 'page_num': 1, 'tomcat_alias': '', 'ip4_inner': ''}
[2018-06-18 09:33:31,808][ERROR]=>请求参数:{'tomcat_name': 'f', 'page_size': 5, 'webapp_name': '', 'page_num': 1, 'tomcat_alias': '', 'ip4_inner': ''}
[2018-06-18 09:33:33,265][ERROR]=>请求参数:{'tomcat_name': '', 'page_size': 5, 'webapp_name': '', 'page_num': 1, 'tomcat_alias': '', 'ip4_inner': ''}
[2018-06-18 09:34:24,754][ERROR]=>请求参数:{'tomcat_name': '', 'page_num': 1, 'tomcat_alias': '', 'ip4_inner': '', 'webapp_name': '', 'page_size': 5}
[2018-06-18 09:34:26,830][ERROR]=>请求参数:{'tomcat_name': 'd', 'page_num': 1, 'tomcat_alias': '', 'ip4_inner': '', 'webapp_name': '', 'page_size': 5}
[2018-06-18 09:34:26,890][ERROR]=>请求参数:{'tomcat_name': "d's", 'page_num': 1, 'tomcat_alias': '', 'ip4_inner': '', 'webapp_name': '', 'page_size': 5}
[2018-06-18 09:34:26,990][ERROR]=>请求参数:{'tomcat_name': "d'sa", 'page_num': 1, 'tomcat_alias': '', 'ip4_inner': '', 'webapp_name': '', 'page_size': 5}
[2018-06-18 09:34:27,278][ERROR]=>请求参数:{'tomcat_name': '倒萨', 'page_num': 1, 'tomcat_alias': '', 'ip4_inner': '', 'webapp_name': '', 'page_size': 5}
[2018-06-18 09:34:33,229][ERROR]=>请求参数:{'tomcat_name': '倒萨', 'page_num': '2', 'tomcat_alias': '', 'ip4_inner': '', 'webapp_name': '', 'page_size': 5}
[2018-06-18 09:34:34,389][ERROR]=>请求参数:{'tomcat_name': '倒萨', 'page_num': '1', 'tomcat_alias': '', 'ip4_inner': '', 'webapp_name': '', 'page_size': 5}
[2018-06-18 09:34:34,724][ERROR]=>请求参数:{'tomcat_name': '倒萨', 'page_num': '2', 'tomcat_alias': '', 'ip4_inner': '', 'webapp_name': '', 'page_size': 5}
[2018-06-18 09:34:35,763][ERROR]=>请求参数:{'tomcat_name': '倒萨', 'page_num': '1', 'tomcat_alias': '', 'ip4_inner': '', 'webapp_name': '', 'page_size': 5}
[2018-06-18 09:35:10,998][ERROR]=>请求参数:{'tomcat_alias': '', 'webapp_name': '', 'page_size': 5, 'ip4_inner': '', 'tomcat_name': '', 'page_num': 1}
[2018-06-18 09:35:12,285][ERROR]=>请求参数:{'tomcat_alias': '', 'webapp_name': '', 'page_size': 5, 'ip4_inner': '', 'tomcat_name': 'f', 'page_num': 1}
[2018-06-18 09:35:12,679][ERROR]=>请求参数:{'tomcat_alias': '', 'webapp_name': '', 'page_size': 5, 'ip4_inner': '', 'tomcat_name': "f'd", 'page_num': 1}
[2018-06-18 09:35:12,932][ERROR]=>请求参数:{'tomcat_alias': '', 'webapp_name': '', 'page_size': 5, 'ip4_inner': '', 'tomcat_name': "f'da's", 'page_num': 1}
[2018-06-18 09:35:13,017][ERROR]=>请求参数:{'tomcat_alias': '', 'webapp_name': '', 'page_size': 5, 'ip4_inner': '', 'tomcat_name': "f'da", 'page_num': 1}
[2018-06-18 09:35:13,111][ERROR]=>请求参数:{'tomcat_alias': '', 'webapp_name': '', 'page_size': 5, 'ip4_inner': '', 'tomcat_name': 'fdas', 'page_num': 1}
[2018-06-18 09:35:14,808][ERROR]=>请求参数:{'tomcat_alias': '', 'webapp_name': '', 'page_size': 5, 'ip4_inner': '', 'tomcat_name': '', 'page_num': 1}
[2018-06-18 09:35:15,995][ERROR]=>请求参数:{'tomcat_alias': '', 'webapp_name': '', 'page_size': 5, 'ip4_inner': '', 'tomcat_name': 'd', 'page_num': 1}
[2018-06-18 09:35:16,680][ERROR]=>请求参数:{'tomcat_alias': '', 'webapp_name': '', 'page_size': 5, 'ip4_inner': '', 'tomcat_name': 'dsf', 'page_num': 1}
[2018-06-18 09:35:16,747][ERROR]=>请求参数:{'tomcat_alias': '', 'webapp_name': '', 'page_size': 5, 'ip4_inner': '', 'tomcat_name': 'dsfs', 'page_num': 1}
[2018-06-18 09:35:16,765][ERROR]=>请求参数:{'tomcat_alias': '', 'webapp_name': '', 'page_size': 5, 'ip4_inner': '', 'tomcat_name': 'dsfsa', 'page_num': 1}
[2018-06-18 09:35:16,913][ERROR]=>请求参数:{'tomcat_alias': '', 'webapp_name': '', 'page_size': 5, 'ip4_inner': '', 'tomcat_name': 'ds', 'page_num': 1}
[2018-06-18 09:35:17,513][ERROR]=>请求参数:{'tomcat_alias': '', 'webapp_name': '', 'page_size': 5, 'ip4_inner': '', 'tomcat_name': 'dsfs', 'page_num': 1}
[2018-06-18 09:35:18,013][ERROR]=>请求参数:{'tomcat_alias': '', 'webapp_name': '', 'page_size': 5, 'ip4_inner': '', 'tomcat_name': 'dsf', 'page_num': 1}
[2018-06-18 09:35:18,061][ERROR]=>请求参数:{'tomcat_alias': '', 'webapp_name': '', 'page_size': 5, 'ip4_inner': '', 'tomcat_name': 'ds', 'page_num': 1}
[2018-06-18 09:35:18,088][ERROR]=>请求参数:{'tomcat_alias': '', 'webapp_name': '', 'page_size': 5, 'ip4_inner': '', 'tomcat_name': 'd', 'page_num': 1}
[2018-06-18 09:35:18,406][ERROR]=>请求参数:{'tomcat_alias': '', 'webapp_name': '', 'page_size': 5, 'ip4_inner': '', 'tomcat_name': '', 'page_num': 1}
[2018-06-18 09:35:20,146][ERROR]=>请求参数:{'tomcat_alias': '', 'webapp_name': '', 'page_size': 5, 'ip4_inner': '', 'tomcat_name': '7', 'page_num': 1}
[2018-06-18 09:35:20,226][ERROR]=>请求参数:{'tomcat_alias': '', 'webapp_name': '', 'page_size': 5, 'ip4_inner': '', 'tomcat_name': '77', 'page_num': 1}
[2018-06-18 09:35:20,466][ERROR]=>请求参数:{'tomcat_alias': '', 'webapp_name': '', 'page_size': 5, 'ip4_inner': '', 'tomcat_name': '777', 'page_num': 1}
[2018-06-18 09:35:20,517][ERROR]=>请求参数:{'tomcat_alias': '', 'webapp_name': '', 'page_size': 5, 'ip4_inner': '', 'tomcat_name': '7771', 'page_num': 1}
[2018-06-18 09:35:22,200][ERROR]=>请求参数:{'tomcat_alias': '', 'webapp_name': '', 'page_size': 5, 'ip4_inner': '', 'tomcat_name': '', 'page_num': 1}
[2018-06-18 09:35:26,333][ERROR]=>请求参数:{'tomcat_alias': '', 'webapp_name': '', 'page_size': 5, 'ip4_inner': '', 'tomcat_name': '2', 'page_num': 1}
[2018-06-18 09:35:26,405][ERROR]=>请求参数:{'tomcat_alias': '', 'webapp_name': '', 'page_size': 5, 'ip4_inner': '', 'tomcat_name': '21', 'page_num': 1}
[2018-06-18 09:35:31,037][ERROR]=>请求参数:{'tomcat_alias': '', 'webapp_name': '', 'page_size': 5, 'ip4_inner': '', 'tomcat_name': '', 'page_num': 1}
[2018-06-18 09:36:17,496][ERROR]=>请求参数:{'tomcat_alias': '', 'webapp_name': '', 'page_size': 5, 'ip4_inner': '', 'tomcat_name': 'a', 'page_num': 1}
[2018-06-18 09:36:17,549][ERROR]=>请求参数:{'tomcat_alias': '', 'webapp_name': '', 'page_size': 5, 'ip4_inner': '', 'tomcat_name': 'as', 'page_num': 1}
[2018-06-18 09:36:17,586][ERROR]=>请求参数:{'tomcat_alias': '', 'webapp_name': '', 'page_size': 5, 'ip4_inner': '', 'tomcat_name': 'asd', 'page_num': 1}
[2018-06-18 09:36:17,630][ERROR]=>请求参数:{'tomcat_alias': '', 'webapp_name': '', 'page_size': 5, 'ip4_inner': '', 'tomcat_name': 'asdas', 'page_num': 1}
[2018-06-18 09:36:17,788][ERROR]=>请求参数:{'tomcat_alias': '', 'webapp_name': '', 'page_size': 5, 'ip4_inner': '', 'tomcat_name': 'asda', 'page_num': 1}
[2018-06-18 09:36:19,782][ERROR]=>请求参数:{'tomcat_alias': '', 'webapp_name': '', 'page_size': 5, 'ip4_inner': '', 'tomcat_name': '', 'page_num': 1}
[2018-06-18 14:07:14,142][WARNING]=>Not Found: /
[2018-06-18 14:07:14,143][WARNING]=>"GET / HTTP/1.1" 404 2252
[2018-06-18 14:07:14,278][WARNING]=>Not Found: /favicon.ico
[2018-06-18 14:07:14,279][WARNING]=>"GET /favicon.ico HTTP/1.1" 404 2303
[2018-06-18 14:07:18,746][WARNING]=>Not Found: /cy
[2018-06-18 14:07:18,747][WARNING]=>"GET /cy HTTP/1.1" 404 2276
[2018-06-18 14:07:29,278][ERROR]=>请求参数:{'ip4_inner': '', 'page_num': 1, 'page_size': 5, 'tomcat_name': '', 'tomcat_alias': '', 'webapp_name': ''}
[2018-06-18 14:26:01,874][ERROR]=>请求参数:{'ip4_inner': '', 'page_num': 1, 'page_size': 5, 'tomcat_name': '', 'tomcat_alias': '', 'webapp_name': ''}
[2018-06-18 14:26:03,832][ERROR]=>请求参数:{'ip4_inner': '', 'page_num': 1, 'page_size': 5, 'tomcat_name': '7', 'tomcat_alias': '', 'webapp_name': ''}
[2018-06-18 14:26:03,992][ERROR]=>请求参数:{'ip4_inner': '', 'page_num': 1, 'page_size': 5, 'tomcat_name': '77', 'tomcat_alias': '', 'webapp_name': ''}
[2018-06-18 14:26:04,081][ERROR]=>请求参数:{'ip4_inner': '', 'page_num': 1, 'page_size': 5, 'tomcat_name': '777', 'tomcat_alias': '', 'webapp_name': ''}
[2018-06-18 14:26:04,565][ERROR]=>请求参数:{'ip4_inner': '', 'page_num': 1, 'page_size': 5, 'tomcat_name': '7771', 'tomcat_alias': '', 'webapp_name': ''}
[2018-06-18 14:26:06,424][ERROR]=>请求参数:{'ip4_inner': '', 'page_num': 1, 'page_size': 5, 'tomcat_name': '777', 'tomcat_alias': '', 'webapp_name': ''}
[2018-06-18 14:26:06,610][ERROR]=>请求参数:{'ip4_inner': '', 'page_num': 1, 'page_size': 5, 'tomcat_name': '77', 'tomcat_alias': '', 'webapp_name': ''}
[2018-06-18 14:26:06,676][ERROR]=>请求参数:{'ip4_inner': '', 'page_num': 1, 'page_size': 5, 'tomcat_name': '7', 'tomcat_alias': '', 'webapp_name': ''}
[2018-06-18 14:26:06,757][ERROR]=>请求参数:{'ip4_inner': '', 'page_num': 1, 'page_size': 5, 'tomcat_name': '', 'tomcat_alias': '', 'webapp_name': ''}
[2018-06-18 14:26:06,874][ERROR]=>请求参数:{'ip4_inner': '', 'page_num': 1, 'page_size': 5, 'tomcat_name': 'd', 'tomcat_alias': '', 'webapp_name': ''}
[2018-06-18 14:26:07,165][ERROR]=>请求参数:{'ip4_inner': '', 'page_num': 1, 'page_size': 5, 'tomcat_name': "d's", 'tomcat_alias': '', 'webapp_name': ''}
[2018-06-18 14:26:07,416][ERROR]=>请求参数:{'ip4_inner': '', 'page_num': 1, 'page_size': 5, 'tomcat_name': "d's'f", 'tomcat_alias': '', 'webapp_name': ''}
[2018-06-18 14:26:07,501][ERROR]=>请求参数:{'ip4_inner': '', 'page_num': 1, 'page_size': 5, 'tomcat_name': "d's'f'd'sa", 'tomcat_alias': '', 'webapp_name': ''}
[2018-06-18 14:26:07,530][ERROR]=>请求参数:{'ip4_inner': '', 'page_num': 1, 'page_size': 5, 'tomcat_name': "d's'f'd", 'tomcat_alias': '', 'webapp_name': ''}
[2018-06-18 14:26:07,685][ERROR]=>请求参数:{'ip4_inner': '', 'page_num': 1, 'page_size': 5, 'tomcat_name': '但是范德萨', 'tomcat_alias': '', 'webapp_name': ''}
[2018-06-18 14:26:07,715][ERROR]=>请求参数:{'ip4_inner': '', 'page_num': 1, 'page_size': 5, 'tomcat_name': "d's'f'd's", 'tomcat_alias': '', 'webapp_name': ''}
[2018-06-18 14:26:08,827][ERROR]=>请求参数:{'ip4_inner': '', 'page_num': 1, 'page_size': 5, 'tomcat_name': 'f', 'tomcat_alias': '', 'webapp_name': ''}
[2018-06-18 14:26:08,926][ERROR]=>请求参数:{'ip4_inner': '', 'page_num': 1, 'page_size': 5, 'tomcat_name': 'fa', 'tomcat_alias': '', 'webapp_name': ''}
[2018-06-18 14:26:09,231][ERROR]=>请求参数:{'ip4_inner': '', 'page_num': 1, 'page_size': 5, 'tomcat_name': "fa'd", 'tomcat_alias': '', 'webapp_name': ''}
[2018-06-18 14:26:09,544][ERROR]=>请求参数:{'ip4_inner': '', 'page_num': 1, 'page_size': 5, 'tomcat_name': "fa'd's", 'tomcat_alias': '', 'webapp_name': ''}
[2018-06-18 14:26:10,019][ERROR]=>请求参数:{'ip4_inner': '', 'page_num': 1, 'page_size': 5, 'tomcat_name': "fa'd", 'tomcat_alias': '', 'webapp_name': ''}
[2018-06-18 14:26:10,165][ERROR]=>请求参数:{'ip4_inner': '', 'page_num': 1, 'page_size': 5, 'tomcat_name': 'fa', 'tomcat_alias': '', 'webapp_name': ''}
[2018-06-18 14:26:10,265][ERROR]=>请求参数:{'ip4_inner': '', 'page_num': 1, 'page_size': 5, 'tomcat_name': 'f', 'tomcat_alias': '', 'webapp_name': ''}
[2018-06-18 14:26:10,321][ERROR]=>请求参数:{'ip4_inner': '', 'page_num': 1, 'page_size': 5, 'tomcat_name': '', 'tomcat_alias': '', 'webapp_name': ''}
[2018-06-18 14:26:12,435][ERROR]=>请求参数:{'ip4_inner': '', 'page_num': '2', 'page_size': 5, 'tomcat_name': '', 'tomcat_alias': '', 'webapp_name': ''}
[2018-06-18 14:26:13,912][ERROR]=>请求参数:{'ip4_inner': '', 'page_num': '1', 'page_size': 5, 'tomcat_name': '', 'tomcat_alias': '', 'webapp_name': ''}
[2018-06-18 14:26:14,826][ERROR]=>请求参数:{'ip4_inner': '', 'page_num': 1, 'page_size': 5, 'tomcat_name': '', 'tomcat_alias': '', 'webapp_name': ''}
[2018-06-18 14:47:11,247][ERROR]=>请求参数:{'ip4_inner': '', 'page_num': 1, 'page_size': 5, 'tomcat_name': '', 'tomcat_alias': '', 'webapp_name': ''}
[2018-06-18 15:00:08,592][ERROR]=>请求参数:{'ip4_inner': '', 'page_num': 1, 'page_size': 5, 'tomcat_name': '', 'tomcat_alias': '', 'webapp_name': ''}
[2018-06-18 15:38:05,300][ERROR]=>请求参数:{'page_num': 1, 'ip4_inner': '', 'webapp_name': '', 'tomcat_alias': '', 'page_size': 5, 'tomcat_name': ''}
[2018-06-18 19:27:24,986][ERROR]=>请求参数:{'page_num': 1, 'ip4_inner': '', 'webapp_name': '', 'tomcat_alias': '', 'page_size': 5, 'tomcat_name': ''}
[2018-06-18 19:27:26,004][ERROR]=>请求参数:{'page_num': 1, 'ip4_inner': '', 'webapp_name': '', 'tomcat_alias': '', 'page_size': 5, 'tomcat_name': 'f'}
[2018-06-18 19:27:26,361][ERROR]=>请求参数:{'page_num': 1, 'ip4_inner': '', 'webapp_name': '', 'tomcat_alias': '', 'page_size': 5, 'tomcat_name': "f'd"}
[2018-06-18 19:27:26,720][ERROR]=>请求参数:{'page_num': 1, 'ip4_inner': '', 'webapp_name': '', 'tomcat_alias': '', 'page_size': 5, 'tomcat_name': "f'd's"}
[2018-06-18 19:27:26,750][ERROR]=>请求参数:{'page_num': 1, 'ip4_inner': '', 'webapp_name': '', 'tomcat_alias': '', 'page_size': 5, 'tomcat_name': "f'd'sa"}
[2018-06-18 19:27:26,979][ERROR]=>请求参数:{'page_num': 1, 'ip4_inner': '', 'webapp_name': '', 'tomcat_alias': '', 'page_size': 5, 'tomcat_name': 'fdsaf'}
[2018-06-18 19:27:27,071][ERROR]=>请求参数:{'page_num': 1, 'ip4_inner': '', 'webapp_name': '', 'tomcat_alias': '', 'page_size': 5, 'tomcat_name': "f'd'sa'f"}
[2018-06-18 19:27:27,288][ERROR]=>请求参数:{'page_num': 1, 'ip4_inner': '', 'webapp_name': '', 'tomcat_alias': '', 'page_size': 5, 'tomcat_name': 'fdsa'}
[2018-06-18 19:27:28,022][ERROR]=>请求参数:{'page_num': 1, 'ip4_inner': '', 'webapp_name': '', 'tomcat_alias': '', 'page_size': 5, 'tomcat_name': 'f'}
[2018-06-18 19:27:28,098][ERROR]=>请求参数:{'page_num': 1, 'ip4_inner': '', 'webapp_name': '', 'tomcat_alias': '', 'page_size': 5, 'tomcat_name': 'fds'}
[2018-06-18 19:27:28,133][ERROR]=>请求参数:{'page_num': 1, 'ip4_inner': '', 'webapp_name': '', 'tomcat_alias': '', 'page_size': 5, 'tomcat_name': ''}
[2018-06-18 19:27:28,179][ERROR]=>请求参数:{'page_num': 1, 'ip4_inner': '', 'webapp_name': '', 'tomcat_alias': '', 'page_size': 5, 'tomcat_name': 'fd'}
[2018-06-18 19:27:30,491][ERROR]=>请求参数:{'page_num': 1, 'ip4_inner': '', 'webapp_name': '', 'tomcat_alias': '', 'page_size': 5, 'tomcat_name': 'a'}
[2018-06-18 19:27:31,366][ERROR]=>请求参数:{'page_num': 1, 'ip4_inner': '', 'webapp_name': '', 'tomcat_alias': '', 'page_size': 5, 'tomcat_name': ''}
